<?xml version="1.0" encoding="UTF-8"?>
<testsuite xmlns:xsi="http://www.w3.org/2001/XMLSchema-instance" xsi:noNamespaceSchemaLocation="https://maven.apache.org/surefire/maven-surefire-plugin/xsd/surefire-test-report.xsd" version="3.0.2" name="ifsul.edu.operacao.OperacaoTest" time="0.069" tests="5" errors="0" skipped="0" failures="0">
  <properties>
[...]
</properties>
  <testcase name="somarSubtrairDividirMultiplicarTest" classname="ifsul.edu.operacao.OperacaoTest" time="0.026">
    <system-out><![CDATA[Integrar somar, dividir, multiplicar, subtrair
Resultado: 18
]]></system-out>
  </testcase>
  <testcase name="subtrairMultiplicarTest" classname="ifsul.edu.operacao.OperacaoTest" time="0.001">
    <system-out><![CDATA[Integrar subtrair e multiplicar
Resultado: 30
]]></system-out>
  </testcase>
  <testcase name="dividirSomarTest" classname="ifsul.edu.operacao.OperacaoTest" time="0.002">
    <system-out><![CDATA[Integrar somar e dividir
Resultado: 10
]]></system-out>
  </testcase>
  <testcase name="multiplicarDividirTest" classname="ifsul.edu.operacao.OperacaoTest" time="0.002">
    <system-out><![CDATA[Integrar multiplicar e dividir
Resultado: 9
]]></system-out>
  </testcase>
  <testcase name="somarSubtrairTest" classname="ifsul.edu.operacao.OperacaoTest" time="0.002">
    <system-out><![CDATA[Integrar somar e subtrair
Resultado: 12
]]></system-out>
  </testcase>
</testsuite>